[debug] [2021-12-03T22:17:12.973Z] ----------------------------------------------------------------------
[debug] [2021-12-03T22:17:12.975Z] Command:       /usr/local/bin/node /usr/local/bin/firebase deploy --debug
[debug] [2021-12-03T22:17:12.976Z] CLI Version:   9.23.0
[debug] [2021-12-03T22:17:12.976Z] Platform:      darwin
[debug] [2021-12-03T22:17:12.976Z] Node Version:  v14.16.0
[debug] [2021-12-03T22:17:12.977Z] Time:          Fri Dec 03 2021 23:17:12 GMT+0100 (Central European Standard Time)
[debug] [2021-12-03T22:17:12.977Z] ----------------------------------------------------------------------
[debug] 
[debug] [2021-12-03T22:17:13.033Z] > command requires scopes: ["email","openid","https://www.googleapis.com/auth/cloudplatformprojects.readonly","https://www.googleapis.com/auth/firebase","https://www.googleapis.com/auth/cloud-platform"]
[debug] [2021-12-03T22:17:13.034Z] > authorizing via signed-in user (bencedmolnar@gmail.com)
[debug] [2021-12-03T22:17:13.034Z] [iam] checking project orsi-30 for permissions ["firebase.projects.get","firebasehosting.sites.update"]
[debug] [2021-12-03T22:17:13.037Z] >>> HTTP REQUEST POST https://cloudresourcemanager.googleapis.com/v1/projects/orsi-30:testIamPermissions  
 {"permissions":["firebase.projects.get","firebasehosting.sites.update"]}
[debug] [2021-12-03T22:17:13.909Z] <<< HTTP RESPONSE 200 {"content-type":"application/json; charset=UTF-8","vary":"X-Origin, Referer, Origin,Accept-Encoding","date":"Fri, 03 Dec 2021 22:17:13 GMT","server":"ESF","cache-control":"private","x-xss-protection":"0","x-frame-options":"SAMEORIGIN","x-content-type-options":"nosniff","server-timing":"gfet4t7; dur=678","alt-svc":"h3=\":443\"; ma=2592000,h3-29=\":443\"; ma=2592000,h3-Q050=\":443\"; ma=2592000,h3-Q046=\":443\"; ma=2592000,h3-Q043=\":443\"; ma=2592000,quic=\":443\"; ma=2592000; v=\"46,43\"","accept-ranges":"none","transfer-encoding":"chunked"}
[debug] [2021-12-03T22:17:13.913Z] > refreshing access token with scopes: []
[debug] [2021-12-03T22:17:13.913Z] >>> HTTP REQUEST POST https://www.googleapis.com/oauth2/v3/token  
 <request body omitted>
[debug] [2021-12-03T22:17:14.024Z] <<< HTTP RESPONSE 200 {"pragma":"no-cache","date":"Fri, 03 Dec 2021 22:17:14 GMT","cache-control":"no-cache, no-store, max-age=0, must-revalidate","expires":"Mon, 01 Jan 1990 00:00:00 GMT","content-type":"application/json; charset=utf-8","vary":"X-Origin, Referer, Origin,Accept-Encoding","server":"scaffolding on HTTPServer2","x-xss-protection":"0","x-frame-options":"SAMEORIGIN","x-content-type-options":"nosniff","alt-svc":"h3=\":443\"; ma=2592000,h3-29=\":443\"; ma=2592000,h3-Q050=\":443\"; ma=2592000,h3-Q046=\":443\"; ma=2592000,h3-Q043=\":443\"; ma=2592000,quic=\":443\"; ma=2592000; v=\"46,43\"","accept-ranges":"none","transfer-encoding":"chunked"}
[debug] [2021-12-03T22:17:14.065Z] >>> [apiv2][query] GET https://firebase.googleapis.com/v1beta1/projects/orsi-30 [none]
[debug] [2021-12-03T22:17:14.386Z] <<< [apiv2][status] GET https://firebase.googleapis.com/v1beta1/projects/orsi-30 200
[debug] [2021-12-03T22:17:14.386Z] <<< [apiv2][body] GET https://firebase.googleapis.com/v1beta1/projects/orsi-30 {"projectId":"orsi-30","projectNumber":"579636275364","displayName":"Orsi 30","name":"projects/orsi-30","resources":{"hostingSite":"orsi-30"},"state":"ACTIVE"}
[info] 
[info] === Deploying to 'orsi-30'...
[info] 
[info] i  deploying hosting 
[debug] [2021-12-03T22:17:14.389Z] > refreshing access token with scopes: ["email","https://www.googleapis.com/auth/cloud-platform","https://www.googleapis.com/auth/cloudplatformprojects.readonly","https://www.googleapis.com/auth/firebase","openid"]
[debug] [2021-12-03T22:17:14.390Z] >>> HTTP REQUEST POST https://www.googleapis.com/oauth2/v3/token  
 <request body omitted>
[debug] [2021-12-03T22:17:14.491Z] <<< HTTP RESPONSE 200 {"date":"Fri, 03 Dec 2021 22:17:14 GMT","pragma":"no-cache","expires":"Mon, 01 Jan 1990 00:00:00 GMT","cache-control":"no-cache, no-store, max-age=0, must-revalidate","content-type":"application/json; charset=utf-8","vary":"X-Origin, Referer, Origin,Accept-Encoding","server":"scaffolding on HTTPServer2","x-xss-protection":"0","x-frame-options":"SAMEORIGIN","x-content-type-options":"nosniff","alt-svc":"h3=\":443\"; ma=2592000,h3-29=\":443\"; ma=2592000,h3-Q050=\":443\"; ma=2592000,h3-Q046=\":443\"; ma=2592000,h3-Q043=\":443\"; ma=2592000,quic=\":443\"; ma=2592000; v=\"46,43\"","accept-ranges":"none","transfer-encoding":"chunked"}
[debug] [2021-12-03T22:17:14.527Z] >>> HTTP REQUEST POST https://firebasehosting.googleapis.com/v1beta1/sites/orsi-30/versions  
 {"config":{"rewrites":[{"glob":"**","path":"/index.html"}]},"labels":{"deployment-tool":"cli-firebase"}}
[debug] [2021-12-03T22:17:15.850Z] <<< HTTP RESPONSE 200 {"content-type":"application/json; charset=UTF-8","vary":"X-Origin, Referer, Origin,Accept-Encoding","date":"Fri, 03 Dec 2021 22:17:15 GMT","server":"ESF","cache-control":"private","x-xss-protection":"0","x-frame-options":"SAMEORIGIN","x-content-type-options":"nosniff","alt-svc":"h3=\":443\"; ma=2592000,h3-29=\":443\"; ma=2592000,h3-Q050=\":443\"; ma=2592000,h3-Q046=\":443\"; ma=2592000,h3-Q043=\":443\"; ma=2592000,quic=\":443\"; ma=2592000; v=\"46,43\"","accept-ranges":"none","transfer-encoding":"chunked"}
[info] i  hosting[orsi-30]: beginning deploy... 
[info] i  hosting[orsi-30]: found 89 files in / 
[debug] [2021-12-03T22:17:15.892Z] > refreshing access token with scopes: []
[debug] [2021-12-03T22:17:15.892Z] >>> HTTP REQUEST POST https://www.googleapis.com/oauth2/v3/token  
 <request body omitted>
[debug] [2021-12-03T22:17:15.893Z] [hosting] hash cache [] stored for 89 files
[debug] [2021-12-03T22:17:15.894Z] [hosting][hash queue][FINAL] {"max":3,"min":0,"avg":1.0293714920912818,"active":0,"complete":89,"success":89,"errored":0,"retried":0,"total":89,"elapsed":9}
[debug] [2021-12-03T22:17:16.007Z] <<< HTTP RESPONSE 200 {"expires":"Mon, 01 Jan 1990 00:00:00 GMT","cache-control":"no-cache, no-store, max-age=0, must-revalidate","date":"Fri, 03 Dec 2021 22:17:16 GMT","pragma":"no-cache","content-type":"application/json; charset=utf-8","vary":"X-Origin, Referer, Origin,Accept-Encoding","server":"scaffolding on HTTPServer2","x-xss-protection":"0","x-frame-options":"SAMEORIGIN","x-content-type-options":"nosniff","alt-svc":"h3=\":443\"; ma=2592000,h3-29=\":443\"; ma=2592000,h3-Q050=\":443\"; ma=2592000,h3-Q046=\":443\"; ma=2592000,h3-Q043=\":443\"; ma=2592000,quic=\":443\"; ma=2592000; v=\"46,43\"","accept-ranges":"none","transfer-encoding":"chunked"}
[debug] [2021-12-03T22:17:16.038Z] >>> [apiv2][query] POST https://firebasehosting.googleapis.com/v1beta1/sites/orsi-30/versions/f04d8f38305ccff4:populateFiles [none]
[debug] [2021-12-03T22:17:16.038Z] >>> [apiv2][body] POST https://firebasehosting.googleapis.com/v1beta1/sites/orsi-30/versions/f04d8f38305ccff4:populateFiles {"files":{"/index.html":"140f5c671147ff43a3edf58703d8ef4e6b27e34aacf3bb90ab9d68ea216443e4","/script.js":"027f94d143e470f137448494b6a074407ecdef66b5fa53922f5d1585804a2e43","/style.css":"f1d4d9ccf0e2c551886951784485f014bc896d653b12f0d7298136999c4538d1","/style.css.map":"1da204b94abaf8f9597ee467cea0dd185f87d16700af3f25be1955579c1f8d93","/style.scss":"a49d840a77565bf1e95e5fdf6857c3788e42962a1d9b9930959a00de61977629","/.git/COMMIT_EDITMSG":"462cc2d550024e82986d848a89451d3cc2e6b7a1a041e0bbebafcaf7f905551e","/.git/FETCH_HEAD":"f1b651238a58fe290baec6c5e32f3bdb1943dd2bd582f02569231f7a757c7837","/.git/HEAD":"a39dc51e21d1523cdef2091e7c7ab30a33ad42a7cd5da1f45139746e5c24b667","/.git/config":"b72ad0013baa85d272a407fb721592758a68872b844d4c4ed942601b70d9147f","/.git/description":"3cdc7b6a29de07f63b76d16b9911d93468000346945f759d4f6456660b5c113b","/.git/index":"76d9ecfe3dbb73d3ed9f3c7fa1ef63b622377b3391e3f51a33625595e08685e6","/.git/hooks/applypatch-msg.sample":"91b94f5feaf0e4d2e6e7808a9188384a4300adf024fa24c48547ee87c64d6558","/.git/hooks/commit-msg.sample":"4df962ba3955944bec38b211351c73f083d7b0e5360a5d3d76a49548e7314f9e","/.git/hooks/fsmonitor-watchman.sample":"30f33894d0c667652e1a0c13e1dc5f178eaff6242eea55f686a67d65cbd81bcf","/.git/hooks/post-update.sample":"3d5b0c2026371e835c791d4b25099e98b1d507971ed6bfb639ae56a321309aeb","/.git/hooks/pre-applypatch.sample":"defbdbcdbf096439878474d3b12ed4b5a63dec7400ecde5f4b60a496391d64d0","/.git/hooks/pre-commit.sample":"ed086bc79b04304e2d3f82ce9bf7d66a9fc1bde08016f694501e8e0d38469505","/.git/hooks/pre-merge-commit.sample":"0479d217dc6329cbba403c8254db7b9ee6c028f62f55db3641b0690373679b25","/.git/hooks/pre-push.sample":"8109b3dc5744bb0e115ee8e53ff7a7617ce4396aaa646538e068a6f09338447d","/.git/hooks/pre-rebase.sample":"b3f2e1f9de52a3895458d3a6f5e5a1ad139f688bcbc358d6e9d31888f7e84829","/.git/hooks/pre-receive.sample":"b703160503002ea73605a1b54a8183989f66e6530c125fbd1595339048ebd856","/.git/hooks/prepare-commit-msg.sample":"9b3c070fc0608b04e690a7dd7c17419759fbed06932985aed32e306418e86ed2","/.git/hooks/push-to-checkout.sample":"ede5681c63b8ad6d42fcae835820651b7dfa044bc14fa0da0b7ce9bc54bd7f18","/.git/hooks/update.sample":"2b0a4f42fa30a128b46ad80e89c1f73b89d58b8abb9e92aee1c35625baccb584","/.git/info/exclude":"a362e375cc3330f10d115cfeb0f90a325219d80a764d57e2c4873f78d1d0b4f5","/.git/logs/HEAD":"80071c21726ce15871dd63c6fce129ea2b3d7b98a4b7d2ae879fa92b7c5c14a8","/.git/logs/refs/heads/main":"5e830ba632b45dab7c752919bab60b7f9d94ef92c3c015cc71b5845ea27c6e83","/.git/objects/06/9133cf26792b4691f07293e0e523a92199f86b":"dc8d7aff00b85f501a47dec19a54807dfd05f6ff8f8fcc6a4114309eb5ee1f14","/.git/objects/0c/c3f5a3efff330f98f87ad22b0e33d1b29f9fb2":"cc474de8aa4e62afccf46e4e42103d572bf48f8bc9788df8be6ef9cbabd8fee3","/.git/objects/1a/54f1c3bc6015b4c95652c43fad0222607ba9e9":"d27768838653cbcc2ca3343698b0cc4230b823c1f614af3c64ab561935afb6b3","/.git/objects/1d/03adc10bf2f673eef34696bf46c143e75369ed":"e0c9e4b83ed59e88345f1bab55ab4419738f0f8ff98d2ae471b9a5770532bec4","/.git/objects/22/0530258f07b59fcc366a8d7ff4d24700454904":"97864bca4ab52118e9d5ff10818726c724393eb61f24ba2f0d09ea1f0eef8183","/.git/objects/31/4a0346d44590833353d7786924645cb579be85":"858d94f673882541ed3eb0e431554800442d00e85489a7a93f6c59debec8a1ed","/.git/objects/33/f0f4c1de6482f70ac21d7331455f1013ec9fcf":"448eeca9375f8a404c65821329e871e4f01a3c21a515aa79b12e390c189a7570","/.git/objects/3a/8db34f10d218c0eee8489c5a2f4cda17e3fda0":"1bd8e782f2e01d132219681b12c273d6dba816e734e14dec5bb7650ac50e3ea0","/.git/objects/41/4e84411017de5752eceacda32e11b899947bf6":"49c8f25859951190c7457d4b80869ef9c359ad3e0a5963bae6548ddd065890f9","/.git/objects/49/f652af42f48f9615fff51bafffa31826631654":"47d2bc03ea73dbab26781688aff454af9c5bb4634ebbae2cf6c080f1e4768bb9","/.git/objects/59/cca746f8cae75f1cb16c9ae8776198681c5ead":"8010805920100ac647f736a6c00a206aa04606b8baa86cbadd7ce27bd373252a","/.git/objects/64/f1943a1df847b983058b06d3d0eeffdc33d1ea":"f874f7e02ca6b64fbae952ad11caa9efb882cf5f43a0df081514bf54f2823ff2","/.git/objects/6b/8a2c04371483116b0a67531be047ebbb1b6da1":"dd46a7ea3af2d871e751eedfd35bf63dbc8899dbbb3d992a71e8638c97cc9b5a","/.git/objects/6f/410b84becf7665dc2c4859a4397bcf858b7e32":"efe2961a277a0306d4134864dfe081af769462589a70868129fd0f5e723232e6","/.git/objects/6f/cf61c9b56e4c805fa5efa4ac85c5a1a79e6c0d":"e3ed8cf214b2c062c7b64577c3a16a0b0596e92b14c35d6a962595ee78c2df61","/.git/objects/70/405bfbaf9f1f2ac1dbed86544686b2bb80d740":"cc0acbd36ca290db9da502f7cac8477d4b3a3a94647ed63b87fa0b33b4412f56","/.git/objects/71/abb6561294dd124b1c84458608acb35045cf19":"7b9ab2cf93e29ef7f4cfbf05536d838a0b59c32748cb3c8963ba2069db8d15ba","/.git/objects/7a/79f7a75cc17d4dd61795b9f4c82cca02853ca8":"3a9a8029d3d78e3d7bdd6882bce9e7d7ca24f0584f4723d740bd70d532cbe82f","/.git/objects/86/02be143339c55550df36d0cfde9152f18dce34":"7add46e807a78e37447db497be219bb290f23f00b510bc9bab33924a81d0d152","/.git/objects/89/e72ba4cd3761d77d13a369396f33c1bd12921b":"7c4b28c8991a3467476fad5b8cf62a3bbc6e4776ec34840d7377b9a447be2b4b","/.git/objects/95/b65b32acf3264def8859b6c9a0f0df659ad86c":"8965761a756b4b1b3074ec76b07f3a3d60cf054fa682df5b2cd27e50a7cde3a1","/.git/objects/97/f832c8f5bb8b5ca1a862c0dd77b22e3a56e541":"bcf85cc04b8fcc1defecac54e736520c4d93f97f7222da92a0ab3e290007f11f","/.git/objects/9a/0779bafbd33e07fa3345e27feecc3496a61bef":"6ddd3f743b04f257a1238d905141882e2262d1a6b219d88248a235ec2fc914a7","/.git/objects/9d/3ed2a58b37d9160b78e9adb04a305327ea5462":"e31f64e08ded068ce82e13c9c56ceb5b87a2395f9c85fd2376ffa7d4f2b70130","/.git/objects/a1/04a9e6cb219ba8019aa198a1c42b898b9f87e5":"e0c3fe9bdafeea10b0fab277a609df2798396dce109ad005829bcb941de1e401","/.git/objects/a5/c9cd32bfef6af257994bfad16ee7cec410c087":"f96e2ebf3ebc2abd1bd21284c11b1650a23563d911faf245e920f4c0922a77ce","/.git/objects/a6/49d817f14890638a863bbc2098c1d5b080a73e":"7234d106c78eec03a1df9d19cb0f7776be2b281fd3a57fa9b076155375efa55a","/.git/objects/a8/2c2aa4dc6114efde112eee35bc36975e0e67e4":"a7872c881c4c73fdd1d842c9db0855de5a990ffcd88b8f0b66af556cd3be9dc8","/.git/objects/a9/2ea2a19cfcc14ee86dc5103e6613d69ade7cf9":"979a337b8894e07bf09964ca85d33d129f45b8a6e0d46d5920b1987a26f32fe7","/.git/objects/bd/c1b4b0694ee74169d5d45c4b39d0831aaf778f":"4b5b607664d6c206ff1d56a9732e6c91cf50920df47ee1d6bdcd9ab025f6a572","/.git/objects/c3/f7852f2ad558171cea4d030220dc249c5ca5e9":"409b8dba9a3ad38dfbbd69c4fef599d02de72b9335b980838c22a8070b070d83","/.git/objects/c5/17686b39a243817820577f775a86e68e0288a0":"b88be11dfbbc55c9b216d6440ab43ff6cc57a67f6d20979f9093001ffb898670","/.git/objects/c5/d94024c1702e2179f84ab8c83822c29e6b41e7":"b35afcbc9f1ad3443da58aea1dde2d4ff6072367c51ffb071b084b806168d26b","/.git/objects/c6/613f02c1e3ca11e7b71396f1f29e73ed264f35":"bdc6de2e6dc46d5ee1db3fc3017f9f5b6a1cbf2d2347dc63d6859bb8c5a34edf","/.git/objects/cc/cef8de92e54a25cdc548ca36dc0de9b351406a":"060cf7f8180aced62e464b25a4b1e34796ea7d1009063ca0957252a8864ea680","/.git/objects/d8/b62621e92fb02e664bfcd15f361b2592180ddb":"e5d1ac5bc2564db3734283e0df5d8e6874140433775ebf6d798bfdf1c5dd8445","/.git/objects/e4/bac63e2803a8423dce1885f5efdbd02d3b99d8":"cacad502272ff012712a387cc442973abb56236886a825f85e46eeb851610eb7","/.git/objects/e9/e9a3c1f6876343d76b0b7c0f07c7b72dbe72b1":"5fb0e37615fd3986d712760451e897930cf0ce834126c49f1e129510c1a832f4","/.git/objects/ed/1ff70ca9bcfac5593d1dc07f2df9090b5d449d":"56282a83624cbcc71d1caeb2bc8bf6f789ea13be803c2c4d67ccbf9dd873f3af","/.git/objects/f1/3ebbc12f65b9eda2eb3fe27c265db836ce9094":"d1d154675fe2273fc0b5792d3c554faff247cf2e15708ba74a0706f1b3d416bb","/.git/objects/f7/8dcab70db3a6d7b861a3b2baf2cfbd65af0472":"ee06171bf8b1df64c0fd3f2e745366bf3e206c5025f2f898e6e3dc86efd9b2a0","/.git/objects/f8/c4e5bda0d0ce1a3c7c77eaa938a978a7113670":"9c75d646339a1bb16172c33e1d922f47c8b7463db721c5f550c3561527144317","/.git/objects/fc/656808f98e273fa4fe805a85ac9535975cab8e":"e4c7f7d53ec330287d4b78a763f21397e40af96c45281c1357c674a397911e02","/.git/refs/heads/main":"48ec55491ccd4105f3c9ae68981b12141b4792e2e9090d03f7f1d494042f173b","/assets/favicon.ico":"6cf78dfb0b85dd489c49615e98388c2e66678e83fed389491995af99444829f7","/assets/images/1.jpg":"44132006322e67605de78f57236f12a3b1f265ea19c0b8de5637796739360c74","/assets/images/2.jpg":"3f6c0ac70f6e1b97adfd48c8e54e77906d26171ca4c18cdf7c223c4493230e0d","/assets/images/3.jpg":"115d27841874d0ce1a91b0fccc8d13eb1e932ba487a63f43bb5bb85d258cfe0b","/assets/images/4.jpg":"11ba409a1311a53ab348a0f981840f61bed24711ac7b835ba9c65e2a9a6e20ac","/assets/images/5.jpg":"90ef766e7f9d526a49972132a3bd3f8e051cbd1b911a865864a96b868a8a47b5","/assets/images/6.jpg":"f9372768ac9cba9f124427d7147975cc2ce5dca6f8525a40e4c1224a464ae938","/assets/images/boots.jpg":"0ff5ce8ee9275578970c69a857c3649b4164dd9ddb2d71c96201083bb65ca405","/assets/images/location.jpg":"06220b557077cc1055ad7152d5c4b3729e8cca9d2c4775dd812a0b07c239c7ea","/assets/images/orsi.jpg":"de350f3e1d33f9e1e548bdfa45f1a66e6e789be0b20abc99c02efaa8066947e5","/libs/countdownjs/countDown.min.css":"411ec3d0d81526f9def4c5b9c652cfa17b1f2d9c1f0a6234cf8ae7ceee3ea1eb","/libs/countdownjs/countDown.min.js":"969fb0f6305e0b18b4dc23aca59bf59343a70d7f5a557399562ec2c215472d37","/libs/countdownjs/style.less":"28443c9374050674697d46f9873612ea5c1a017d34ac848c59cd2119e3689aa6","/libs/img/icons.png":"a3f79ef2445e22a34eb7cfa64eb223fa19864423ab07aaa5cbc454c6610a7dea","/libs/img/icons.svg":"97c27cbb3a796d3c86d1b58699d0abdebcce52e182ff089c98bf22a6fc0ffbbc","/libs/img/loader.gif":"d56a748e2afcfaebadda8bf3be3b6b888a8e93b6f58517d56c9854718cbdfec3","/libs/swipebox/jquery.swipebox.min.js":"b03070709bc98b82f95b16eb8dabb86fdf9aa71f2cd7ca1e74eba100d567adb1","/libs/swipebox/swipebox.min.css":"ffc388c45efede41da5dca2df8e11082639dc6a5341ac3496a5fcecdddf66868"}}
[debug] [2021-12-03T22:17:17.387Z] <<< [apiv2][status] POST https://firebasehosting.googleapis.com/v1beta1/sites/orsi-30/versions/f04d8f38305ccff4:populateFiles 200
[debug] [2021-12-03T22:17:17.387Z] <<< [apiv2][body] POST https://firebasehosting.googleapis.com/v1beta1/sites/orsi-30/versions/f04d8f38305ccff4:populateFiles {"uploadUrl":"https://upload-firebasehosting.googleapis.com/upload/sites/orsi-30/versions/f04d8f38305ccff4/files"}
[debug] [2021-12-03T22:17:17.388Z] [hosting][populate queue][FINAL] {"max":1496,"min":1496,"avg":1496,"active":0,"complete":1,"success":1,"errored":0,"retried":0,"total":1,"elapsed":1497}
[debug] [2021-12-03T22:17:17.388Z] [hosting] uploads queued: 0
[debug] [2021-12-03T22:17:17.388Z] [hosting][upload queue][FINAL] {"max":0,"min":9999999999,"avg":0,"active":0,"complete":0,"success":0,"errored":0,"retried":0,"total":0,"elapsed":1638569837388}
[info] ✔  hosting[orsi-30]: file upload complete 
[debug] [2021-12-03T22:17:17.389Z] [hosting] deploy completed after 1538ms
[debug] [2021-12-03T22:17:17.391Z] [
  {
    "config": {
      "public": "/",
      "ignore": [
        "public",
        "firebase.json",
        "**/.*",
        "**/node_modules/**"
      ],
      "rewrites": [
        {
          "source": "**",
          "destination": "/index.html"
        }
      ],
      "site": "orsi-30"
    },
    "site": "orsi-30",
    "version": "sites/orsi-30/versions/f04d8f38305ccff4"
  }
]
[info] i  hosting[orsi-30]: finalizing version... 
[debug] [2021-12-03T22:17:17.392Z] > refreshing access token with scopes: ["email","https://www.googleapis.com/auth/cloud-platform","https://www.googleapis.com/auth/cloudplatformprojects.readonly","https://www.googleapis.com/auth/firebase","openid"]
[debug] [2021-12-03T22:17:17.392Z] >>> HTTP REQUEST POST https://www.googleapis.com/oauth2/v3/token  
 <request body omitted>
[debug] [2021-12-03T22:17:17.514Z] <<< HTTP RESPONSE 200 {"pragma":"no-cache","cache-control":"no-cache, no-store, max-age=0, must-revalidate","expires":"Mon, 01 Jan 1990 00:00:00 GMT","date":"Fri, 03 Dec 2021 22:17:17 GMT","content-type":"application/json; charset=utf-8","vary":"X-Origin, Referer, Origin,Accept-Encoding","server":"scaffolding on HTTPServer2","x-xss-protection":"0","x-frame-options":"SAMEORIGIN","x-content-type-options":"nosniff","alt-svc":"h3=\":443\"; ma=2592000,h3-29=\":443\"; ma=2592000,h3-Q050=\":443\"; ma=2592000,h3-Q046=\":443\"; ma=2592000,h3-Q043=\":443\"; ma=2592000,quic=\":443\"; ma=2592000; v=\"46,43\"","accept-ranges":"none","transfer-encoding":"chunked"}
[debug] [2021-12-03T22:17:17.543Z] >>> HTTP REQUEST PATCH https://firebasehosting.googleapis.com/v1beta1/sites/orsi-30/versions/f04d8f38305ccff4?updateMask=status  
 {"status":"FINALIZED"}
[debug] [2021-12-03T22:17:18.630Z] <<< HTTP RESPONSE 200 {"content-type":"application/json; charset=UTF-8","vary":"X-Origin, Referer, Origin,Accept-Encoding","date":"Fri, 03 Dec 2021 22:17:18 GMT","server":"ESF","cache-control":"private","x-xss-protection":"0","x-frame-options":"SAMEORIGIN","x-content-type-options":"nosniff","alt-svc":"h3=\":443\"; ma=2592000,h3-29=\":443\"; ma=2592000,h3-Q050=\":443\"; ma=2592000,h3-Q046=\":443\"; ma=2592000,h3-Q043=\":443\"; ma=2592000,quic=\":443\"; ma=2592000; v=\"46,43\"","accept-ranges":"none","transfer-encoding":"chunked"}
[debug] [2021-12-03T22:17:18.631Z] [hosting] finalized version for orsi-30: {"name":"sites/orsi-30/versions/f04d8f38305ccff4","status":"FINALIZED","config":{"rewrites":[{"glob":"**","path":"/index.html"}]},"labels":{"deployment-tool":"cli-firebase"},"createTime":"2021-12-03T22:17:15.415610Z","createUser":{"email":"bencedmolnar@gmail.com"},"finalizeTime":"2021-12-03T22:17:18.639026Z","finalizeUser":{"email":"bencedmolnar@gmail.com"}}
[info] ✔  hosting[orsi-30]: version finalized 
[info] i  hosting[orsi-30]: releasing new version... 
[debug] [2021-12-03T22:17:18.632Z] >>> HTTP REQUEST POST https://firebasehosting.googleapis.com/v1beta1/sites/orsi-30/releases?version_name=sites/orsi-30/versions/f04d8f38305ccff4  
 {"message":null}
[debug] [2021-12-03T22:17:19.638Z] <<< HTTP RESPONSE 200 {"content-type":"application/json; charset=UTF-8","vary":"X-Origin, Referer, Origin,Accept-Encoding","date":"Fri, 03 Dec 2021 22:17:19 GMT","server":"ESF","cache-control":"private","x-xss-protection":"0","x-frame-options":"SAMEORIGIN","x-content-type-options":"nosniff","alt-svc":"h3=\":443\"; ma=2592000,h3-29=\":443\"; ma=2592000,h3-Q050=\":443\"; ma=2592000,h3-Q046=\":443\"; ma=2592000,h3-Q043=\":443\"; ma=2592000,quic=\":443\"; ma=2592000; v=\"46,43\"","accept-ranges":"none","transfer-encoding":"chunked"}
[debug] [2021-12-03T22:17:19.639Z] [hosting] release: {"name":"sites/orsi-30/releases/1638569838970930","version":{"name":"sites/orsi-30/versions/f04d8f38305ccff4","status":"FINALIZED","config":{"rewrites":[{"glob":"**","path":"/index.html"}]},"labels":{"deployment-tool":"cli-firebase"},"createTime":"2021-12-03T22:17:15.415610Z","createUser":{"email":"bencedmolnar@gmail.com"},"finalizeTime":"2021-12-03T22:17:18.639026Z","finalizeUser":{"email":"bencedmolnar@gmail.com"}},"type":"DEPLOY","releaseTime":"2021-12-03T22:17:18.970930357Z","releaseUser":{"email":"bencedmolnar@gmail.com"}}
[info] ✔  hosting[orsi-30]: release complete 
[info] 
[info] ✔  Deploy complete! 
[info] 
[info] Project Console: https://console.firebase.google.com/project/orsi-30/overview
[info] Hosting URL: https://orsi-30.web.app
